2024-10-13 13:16:36 [main] INFO  c.e.e.EmsApplication - Starting EmsApplication using Java 21.0.4 with PID 1648 (C:\Users\saravanaponbalan.fra\Desktop\Tasks\spring\ems\target\classes started by saravanaponbalan.fra in C:\Users\saravanaponbalan.fra\Desktop\Tasks\spring\ems)
2024-10-13 13:16:36 [main] INFO  c.e.e.EmsApplication - No active profile set, falling back to 1 default profile: "default"
2024-10-13 13:16:37 [main] INFO  o.s.d.r.c.RepositoryConfigurationDelegate - Bootstrapping Spring Data JPA repositories in DEFAULT mode.
2024-10-13 13:16:38 [main] INFO  o.s.d.r.c.RepositoryConfigurationDelegate - Finished Spring Data repository scanning in 78 ms. Found 4 JPA repository interfaces.
2024-10-13 13:16:38 [main] INFO  o.s.b.w.e.t.TomcatWebServer - Tomcat initialized with port 8080 (http)
2024-10-13 13:16:38 [main] INFO  o.a.c.c.StandardService - Starting service [Tomcat]
2024-10-13 13:16:38 [main] INFO  o.a.c.c.StandardEngine - Starting Servlet engine: [Apache Tomcat/10.1.30]
2024-10-13 13:16:38 [main] INFO  o.a.c.c.C.[.[.[/ems/api] - Initializing Spring embedded WebApplicationContext
2024-10-13 13:16:38 [main] INFO  o.s.b.w.s.c.ServletWebServerApplicationContext - Root WebApplicationContext: initialization completed in 1642 ms
2024-10-13 13:16:38 [main] INFO  o.h.j.i.u.LogHelper - HHH000204: Processing PersistenceUnitInfo [name: default]
2024-10-13 13:16:38 [main] INFO  o.h.Version - HHH000412: Hibernate ORM core version 6.5.3.Final
2024-10-13 13:16:38 [main] INFO  o.h.c.i.RegionFactoryInitiator - HHH000026: Second-level cache disabled
2024-10-13 13:16:39 [main] INFO  o.s.o.j.p.SpringPersistenceUnitInfo - No LoadTimeWeaver setup: ignoring JPA class transformer
2024-10-13 13:16:39 [main] INFO  c.z.h.HikariDataSource - HikariPool-1 - Starting...
2024-10-13 13:16:39 [main] INFO  c.z.h.p.HikariPool - HikariPool-1 - Added connection org.postgresql.jdbc.PgConnection@3b770d07
2024-10-13 13:16:39 [main] INFO  c.z.h.HikariDataSource - HikariPool-1 - Start completed.
2024-10-13 13:16:39 [main] WARN  o.h.o.deprecation - HHH90000025: PostgreSQLDialect does not need to be specified explicitly using 'hibernate.dialect' (remove the property setting and it will be selected by default)
2024-10-13 13:16:40 [main] INFO  o.h.e.t.j.p.i.JtaPlatformInitiator - HHH000489: No JTA platform available (set 'hibernate.transaction.jta.platform' to enable JTA platform integration)
2024-10-13 13:16:41 [main] INFO  o.s.o.j.LocalContainerEntityManagerFactoryBean - Initialized JPA EntityManagerFactory for persistence unit 'default'
2024-10-13 13:16:41 [main] WARN  o.s.b.a.o.j.JpaBaseConfiguration$JpaWebConfiguration - spring.jpa.open-in-view is enabled by default. Therefore, database queries may be performed during view rendering. Explicitly configure spring.jpa.open-in-view to disable this warning
2024-10-13 13:16:41 [main] INFO  o.s.s.c.a.a.c.InitializeAuthenticationProviderBeanManagerConfigurer$InitializeAuthenticationProviderManagerConfigurer - Global AuthenticationManager configured with AuthenticationProvider bean with name provideAuthentication
2024-10-13 13:16:41 [main] WARN  o.s.s.c.a.a.c.InitializeUserDetailsBeanManagerConfigurer$InitializeUserDetailsManagerConfigurer - Global AuthenticationManager configured with an AuthenticationProvider bean. UserDetailsService beans will not be used for username/password login. Consider removing the AuthenticationProvider bean. Alternatively, consider using the UserDetailsService in a manually instantiated DaoAuthenticationProvider.
2024-10-13 13:16:42 [main] INFO  o.s.b.w.e.t.TomcatWebServer - Tomcat started on port 8080 (http) with context path '/ems/api'
2024-10-13 13:16:42 [main] INFO  c.e.e.EmsApplication - Started EmsApplication in 5.893 seconds (process running for 6.746)
2024-10-13 14:44:44 [SpringApplicationShutdownHook] INFO  o.s.o.j.LocalContainerEntityManagerFactoryBean - Closing JPA EntityManagerFactory for persistence unit 'default'
2024-10-13 14:44:44 [SpringApplicationShutdownHook] INFO  c.z.h.HikariDataSource - HikariPool-1 - Shutdown initiated...
2024-10-13 14:44:44 [SpringApplicationShutdownHook] INFO  c.z.h.HikariDataSource - HikariPool-1 - Shutdown completed.
